#
# A fatal error has been detected by the Java Runtime Environment:
#
#  EXCEPTION_ACCESS_VIOLATION (0xc0000005) at pc=0x000000006f7cfed7, pid=5936, tid=0x00000000000012f4
#
# JRE version: OpenJDK Runtime Environment (8.0_242-b01) (build 1.8.0_242-release-1644-b01)
# Java VM: OpenJDK 64-Bit Server VM (25.242-b01 mixed mode windows-amd64 compressed oops)
# Problematic frame:
# V  [jvm.dll+0x1efed7]
#
# Failed to write core dump. Minidumps are not enabled by default on client versions of Windows
#
# If you would like to submit a bug report, please visit:
#   
#

---------------  T H R E A D  ---------------

Current thread (0x00000000590ce800):  JavaThread "pool-1-thread-1" [_thread_in_vm, id=4852, stack(0x0000000063f00000,0x0000000064000000)]

siginfo: ExceptionCode=0xc0000005, writing address 0x0000000063ff3e10

Registers:
RAX=0x0000000063ff3e10, RBX=0x0000000000000007, RCX=0x0000000000006000, RDX=0x000000000000001c
RSP=0x0000000063ff9e10, RBP=0x0000000000000000, RSI=0x0000000063ff9e10, RDI=0x0000000000000007
R8 =0x000000000000001c, R9 =0x000000005d2d6760, R10=0x0000000055924508, R11=0x0000000063f0a158
R12=0x00000000ffffffff, R13=0x00000000590ce800, R14=0x00000000590ce800, R15=0x0000000055924508
RIP=0x000000006f7cfed7, EFLAGS=0x0000000000010202

Top of Stack: (sp=0x0000000063ff9e10)
0x0000000063ff9e10:   000000005d11a730 0000000000000018
0x0000000063ff9e20:   00000000590ce800 00000000ffffffff
0x0000000063ff9e30:   0000000063ff9ed8 000000006f7d0eb7
0x0000000063ff9e40:   0000000063ff9f40 000000005d2d6760
0x0000000063ff9e50:   0000000055924508 00000000020c0080
0x0000000063ff9e60:   0000000057abf1b0 00000000020c0274
0x0000000063ff9e70:   00000000020c0560 0000000063ff9fd0
0x0000000063ff9e80:   0000000055924508 00000000590ce800
0x0000000063ff9e90:   00000000028b69a0 000000006f61b7a5
0x0000000063ff9ea0:   00000000770403c8 0000000000000000
0x0000000063ff9eb0:   0000000000000020 0000000000360000
0x0000000063ff9ec0:   0000000000000018 0000000055924508
0x0000000063ff9ed0:   00000000590ce800 000000005a7310c8
0x0000000063ff9ee0:   0000000000000000 0000000000000018
0x0000000063ff9ef0:   0000000063ffa0c0 00000000020c0470
0x0000000063ff9f00:   0000000000200420 0000000058e2b2d0 

Instructions: (pc=0x000000006f7cfed7)
0x000000006f7cfeb7:   48 89 6c 24 30 33 ed 66 90 e8 4b d9 07 00 ff c3
0x000000006f7cfec7:   48 63 c8 48 8b c6 48 0f af cf 48 ff c7 48 2b c1
0x000000006f7cfed7:   89 28 48 63 c3 48 3b 05 65 b8 57 00 7e db 48 8b
0x000000006f7cfee7:   6c 24 30 48 8b 5c 24 38 48 8b 74 24 40 48 83 c4 


Register to memory mapping:

RAX=0x0000000063ff3e10 is pointing into the stack for thread: 0x00000000590ce800
RBX=0x0000000000000007 is an unknown value
RCX=0x0000000000006000 is an unknown value
RDX=0x000000000000001c is an unknown value
RSP=0x0000000063ff9e10 is pointing into the stack for thread: 0x00000000590ce800
RBP=0x0000000000000000 is an unknown value
RSI=0x0000000063ff9e10 is pointing into the stack for thread: 0x00000000590ce800
RDI=0x0000000000000007 is an unknown value
R8 =0x000000000000001c is an unknown value
R9 =0x000000005d2d6760 is an unknown value
R10={method} {0x0000000055924510} 'addClass' '(Ljava/lang/Class;)V' in 'java/lang/ClassLoader'
R11=0x0000000063f0a158 is pointing into the stack for thread: 0x00000000590ce800
R12=0x00000000ffffffff is an unknown value
R13=0x00000000590ce800 is a thread
R14=0x00000000590ce800 is a thread
R15={method} {0x0000000055924510} 'addClass' '(Ljava/lang/Class;)V' in 'java/lang/ClassLoader'


Stack: [0x0000000063f00000,0x0000000064000000],  sp=0x0000000063ff9e10,  free space=999k
Native frames: (J=compiled Java code, j=interpreted, Vv=VM code, C=native code)

Java frames: (J=compiled Java code, j=interpreted, Vv=VM code)
J 710  java.lang.ClassLoader.defineClass1(Ljava/lang/String;[BIILjava/security/ProtectionDomain;Ljava/lang/String;)Ljava/lang/Class; (0 bytes) @ 0x0000000002b619df [0x0000000002b61940+0x9f]
J 5157 C2 java.lang.ClassLoader.defineClass(Ljava/lang/String;[BIILjava/security/ProtectionDomain;)Ljava/lang/Class; (43 bytes) @ 0x0000000003286cd0 [0x00000000032867c0+0x510]
J 460 C1 java.net.URLClassLoader.defineClass(Ljava/lang/String;Lsun/misc/Resource;)Ljava/lang/Class; (142 bytes) @ 0x0000000002a8c1d4 [0x0000000002a8a700+0x1ad4]
j  java.net.URLClassLoader.access$100(Ljava/net/URLClassLoader;Ljava/lang/String;Lsun/misc/Resource;)Ljava/lang/Class;+3
j  java.net.URLClassLoader$1.run()Ljava/lang/Class;+43
j  java.net.URLClassLoader$1.run()Ljava/lang/Object;+1
v  ~StubRoutines::call_stub
J 300  java.security.AccessController.doPrivileged(Ljava/security/PrivilegedExceptionAction;Ljava/security/AccessControlContext;)Ljava/lang/Object; (0 bytes) @ 0x0000000002a1d126 [0x0000000002a1d0c0+0x66]
J 1328 C2 java.net.URLClassLoader.findClass(Ljava/lang/String;)Ljava/lang/Class; (47 bytes) @ 0x0000000002d2461c [0x0000000002d245a0+0x7c]
J 2487 C2 java.lang.ClassLoader.loadClass(Ljava/lang/String;Z)Ljava/lang/Class; (122 bytes) @ 0x0000000002a964f4 [0x0000000002a96100+0x3f4]
J 2424 C2 java.lang.ClassLoader.loadClass(Ljava/lang/String;)Ljava/lang/Class; (7 bytes) @ 0x00000000031202b0 [0x0000000003120280+0x30]
v  ~StubRoutines::call_stub
J 710  java.lang.ClassLoader.defineClass1(Ljava/lang/String;[BIILjava/security/ProtectionDomain;Ljava/lang/String;)Ljava/lang/Class; (0 bytes) @ 0x0000000002b619df [0x0000000002b61940+0x9f]
J 5157 C2 java.lang.ClassLoader.defineClass(Ljava/lang/String;[BIILjava/security/ProtectionDomain;)Ljava/lang/Class; (43 bytes) @ 0x0000000003286cd0 [0x00000000032867c0+0x510]
J 460 C1 java.net.URLClassLoader.defineClass(Ljava/lang/String;Lsun/misc/Resource;)Ljava/lang/Class; (142 bytes) @ 0x0000000002a8c1d4 [0x0000000002a8a700+0x1ad4]
j  java.net.URLClassLoader.access$100(Ljava/net/URLClassLoader;Ljava/lang/String;Lsun/misc/Resource;)Ljava/lang/Class;+3
j  java.net.URLClassLoader$1.run()Ljava/lang/Class;+43
j  java.net.URLClassLoader$1.run()Ljava/lang/Object;+1
v  ~StubRoutines::call_stub
J 300  java.security.AccessController.doPrivileged(Ljava/security/PrivilegedExceptionAction;Ljava/security/AccessControlContext;)Ljava/lang/Object; (0 bytes) @ 0x0000000002a1d126 [0x0000000002a1d0c0+0x66]
J 1328 C2 java.net.URLClassLoader.findClass(Ljava/lang/String;)Ljava/lang/Class; (47 bytes) @ 0x0000000002d2461c [0x0000000002d245a0+0x7c]
J 2487 C2 java.lang.ClassLoader.loadClass(Ljava/lang/String;Z)Ljava/lang/Class; (122 bytes) @ 0x0000000002a964f4 [0x0000000002a96100+0x3f4]
J 2424 C2 java.lang.ClassLoader.loadClass(Ljava/lang/String;)Ljava/lang/Class; (7 bytes) @ 0x00000000031202b0 [0x0000000003120280+0x30]
v  ~StubRoutines::call_stub
j  com.google.common.cache.LocalCache$Values.iterator()Ljava/util/Iterator;+0
j  com.android.builder.profile.ProcessProfileWriter.finish()V+113
j  com.android.builder.profile.ProcessProfileWriterFactory.lambda$shutdownAndMaybeWriteInternal$0(Lcom/android/builder/profile/ProcessProfileWriter;)Ljava/lang/Void;+1
j  com.android.builder.profile.ProcessProfileWriterFactory$$Lambda$302.call()Ljava/lang/Object;+8
j  java.util.concurrent.FutureTask.run()V+42
j  java.util.concurrent.ScheduledThreadPoolExecutor$ScheduledFutureTask.access$201(Ljava/util/concurrent/ScheduledThreadPoolExecutor$ScheduledFutureTask;)V+1
j  java.util.concurrent.ScheduledThreadPoolExecutor$ScheduledFutureTask.run()V+30
j  java.util.concurrent.ThreadPoolExecutor.runWorker(Ljava/util/concurrent/ThreadPoolExecutor$Worker;)V+95
j  java.util.concurrent.ThreadPoolExecutor$Worker.run()V+5
j  java.lang.Thread.run()V+11
v  ~StubRoutines::call_stub

---------------  P R O C E S S  ---------------

Java Threads: ( => current thread )
=>0x00000000590ce800 JavaThread "pool-1-thread-1" [_thread_in_vm, id=4852, stack(0x0000000063f00000,0x0000000064000000)]
  0x00000000590d5000 JavaThread "Memory manager" [_thread_blocked, id=9580, stack(0x0000000060ca0000,0x0000000060da0000)]
  0x00000000590d3000 JavaThread "Build operations Thread 4" [_thread_blocked, id=9560, stack(0x0000000060450000,0x0000000060550000)]
  0x00000000590d2000 JavaThread "Build operations Thread 3" [_thread_blocked, id=9588, stack(0x00000000602e0000,0x00000000603e0000)]
  0x00000000590d1800 JavaThread "Build operations Thread 2" [_thread_blocked, id=8880, stack(0x000000005e4d0000,0x000000005e5d0000)]
  0x00000000590d0800 JavaThread "Build operations" [_thread_blocked, id=7032, stack(0x000000005f9a0000,0x000000005faa0000)]
  0x00000000590d0000 JavaThread "Cache worker for execution history cache (C:\Users\Admin\.gradle\caches\5.6.2\executionHistory)" [_thread_blocked, id=4668, stack(0x000000005ff10000,0x0000000060010000)]
  0x00000000590cb800 JavaThread "File lock release action executor" [_thread_blocked, id=3796, stack(0x000000005e3c0000,0x000000005e4c0000)]
  0x00000000590c9000 JavaThread "Cache worker for file hash cache (E:\projects\New\india_learner\android\.gradle\5.6.2\fileHashes)" [_thread_blocked, id=5312, stack(0x000000005dbb0000,0x000000005dcb0000)]
  0x00000000590c8800 JavaThread "Cache worker for journal cache (C:\Users\Admin\.gradle\caches\journal-1)" [_thread_blocked, id=7076, stack(0x000000005c430000,0x000000005c530000)]
  0x00000000590c7800 JavaThread "File lock request listener" [_thread_in_native, id=9532, stack(0x000000005c5e0000,0x000000005c6e0000)]
  0x00000000590c7000 JavaThread "Cache worker for file hash cache (C:\Users\Admin\.gradle\caches\5.6.2\fileHashes)" [_thread_blocked, id=9144, stack(0x000000005c310000,0x000000005c410000)]
  0x00000000579c2000 JavaThread "Thread-9" [_thread_blocked, id=2980, stack(0x000000005c020000,0x000000005c120000)]
  0x00000000579bf000 JavaThread "Stdin handler" [_thread_blocked, id=4808, stack(0x000000005c150000,0x000000005c250000)]
  0x00000000579b0800 JavaThread "Asynchronous log dispatcher for DefaultDaemonConnection: socket connection from /127.0.0.1:64668 to /127.0.0.1:64669" [_thread_blocked, id=6968, stack(0x000000005beb0000,0x000000005bfb0000)]
  0x00000000593db800 JavaThread "Daemon worker" [_thread_blocked, id=1320, stack(0x000000005bb00000,0x000000005bc00000)]
  0x00000000579a9800 JavaThread "Cancel handler" [_thread_blocked, id=5576, stack(0x000000005b780000,0x000000005b880000)]
  0x00000000579a8000 JavaThread "Handler for socket connection from /127.0.0.1:64668 to /127.0.0.1:64669" [_thread_in_native, id=9952, stack(0x000000005b8f0000,0x000000005b9f0000)]
  0x00000000579a5000 JavaThread "Daemon" [_thread_blocked, id=5228, stack(0x000000005b640000,0x000000005b740000)]
  0x00000000577ac000 JavaThread "Daemon periodic checks" [_thread_blocked, id=8964, stack(0x000000005b290000,0x000000005b390000)]
  0x00000000594ce800 JavaThread "Incoming local TCP Connector on port 64668" [_thread_in_native, id=10128, stack(0x000000005b460000,0x000000005b560000)]
  0x0000000059e64800 JavaThread "Daemon health stats" [_thread_blocked, id=8848, stack(0x000000005ae60000,0x000000005af60000)]
  0x00000000577b0000 JavaThread "Service Thread" daemon [_thread_blocked, id=7336, stack(0x0000000058150000,0x0000000058250000)]
  0x000000005630d000 JavaThread "C1 CompilerThread2" daemon [_thread_blocked, id=7144, stack(0x0000000058290000,0x0000000058390000)]
  0x000000005630b000 JavaThread "C2 CompilerThread1" daemon [_thread_in_native, id=5904, stack(0x0000000058050000,0x0000000058150000)]
  0x000000005773b800 JavaThread "C2 CompilerThread0" daemon [_thread_blocked, id=4480, stack(0x0000000057b30000,0x0000000057c30000)]
  0x0000000057738800 JavaThread "Attach Listener" daemon [_thread_blocked, id=8260, stack(0x0000000057e90000,0x0000000057f90000)]
  0x0000000056305000 JavaThread "Signal Dispatcher" daemon [_thread_blocked, id=4736, stack(0x0000000057ce0000,0x0000000057de0000)]
  0x00000000562ec000 JavaThread "Finalizer" daemon [_thread_blocked, id=4860, stack(0x0000000057630000,0x0000000057730000)]
  0x00000000562e5000 JavaThread "Reference Handler" daemon [_thread_blocked, id=7332, stack(0x00000000574a0000,0x00000000575a0000)]
  0x00000000020f8000 JavaThread "main" [_thread_blocked, id=8672, stack(0x00000000024a0000,0x00000000025a0000)]

Other Threads:
  0x000000005629e000 VMThread [stack: 0x0000000057300000,0x0000000057400000] [id=8872]
  0x00000000577b4800 WatcherThread [stack: 0x00000000583d0000,0x00000000584d0000] [id=4320]

VM state:not at safepoint (normal execution)

VM Mutex/Monitor currently owned by a thread: None

heap address: 0x00000000a0000000, size: 1536 MB, Compressed Oops mode: 32-bit
Narrow klass base: 0x0000000000000000, Narrow klass shift: 0
Compressed class space size: 1073741824 Address: 0x0000000015910000

Heap:
 PSYoungGen      total 493568K, used 32168K [0x00000000e0000000, 0x0000000100000000, 0x0000000100000000)
  eden space 469504K, 6% used [0x00000000e0000000,0x00000000e1f6a238,0x00000000fca80000)
  from space 24064K, 0% used [0x00000000fca80000,0x00000000fca80000,0x00000000fe200000)
  to   space 28160K, 0% used [0x00000000fe480000,0x00000000fe480000,0x0000000100000000)
 ParOldGen       total 67072K, used 38352K [0x00000000a0000000, 0x00000000a4180000, 0x00000000e0000000)
  object space 67072K, 57% used [0x00000000a0000000,0x00000000a25741c8,0x00000000a4180000)
 Metaspace       used 57554K, capacity 59658K, committed 59944K, reserved 1101824K
  class space    used 7822K, capacity 8389K, committed 8488K, reserved 1048576K

Card table byte_map: [0x0000000011c30000,0x0000000011f40000] byte_map_base: 0x0000000011730000

Marking Bits: (ParMarkBitMap*) 0x000000006fdaf030
 Begin Bits: [0x0000000012610000, 0x0000000013e10000)
 End Bits:   [0x0000000013e10000, 0x0000000015610000)

Polling page: 0x0000000000330000

CodeCache: size=245760Kb used=19471Kb max_used=19507Kb free=226288Kb
 bounds [0x0000000002870000, 0x0000000003b90000, 0x0000000011870000]
 total_blobs=6602 nmethods=5806 adapters=709
 compilation: enabled

Compilation events (10 events):
Event: 75.223 Thread 0x000000005630d000 6491       3       java.util.concurrent.ConcurrentLinkedQueue$Itr::advance (123 bytes)
Event: 75.224 Thread 0x000000005630d000 nmethod 6491 0x0000000003b8d890 code [0x0000000003b8da40, 0x0000000003b8e148]
Event: 75.224 Thread 0x000000005630d000 6492       3       java.util.concurrent.ConcurrentLinkedQueue$Itr::hasNext (13 bytes)
Event: 75.224 Thread 0x000000005630d000 nmethod 6492 0x0000000003b8e410 code [0x0000000003b8e560, 0x0000000003b8e710]
Event: 75.245 Thread 0x000000005630d000 6493       3       java.util.concurrent.ConcurrentLinkedQueue::iterator (9 bytes)
Event: 75.245 Thread 0x000000005630d000 nmethod 6493 0x0000000003b8e790 code [0x0000000003b8e900, 0x0000000003b8ebc8]
Event: 75.245 Thread 0x000000005630d000 6494       3       java.util.concurrent.ConcurrentLinkedQueue$Itr::<init> (15 bytes)
Event: 75.245 Thread 0x000000005630d000 nmethod 6494 0x0000000003b8ecd0 code [0x0000000003b8ee40, 0x0000000003b8f048]
Event: 75.253 Thread 0x000000005630d000 6495       3       java.util.concurrent.ThreadPoolExecutor::isRunning (10 bytes)
Event: 75.254 Thread 0x000000005630d000 nmethod 6495 0x0000000003b8f110 code [0x0000000003b8f260, 0x0000000003b8f3f0]

GC Heap History (10 events):
Event: 33.996 GC heap before
{Heap before GC invocations=8 (full 1):
 PSYoungGen      total 264704K, used 91715K [0x00000000e0000000, 0x00000000f1a80000, 0x0000000100000000)
  eden space 251392K, 31% used [0x00000000e0000000,0x00000000e4cf87a0,0x00000000ef580000)
  from space 13312K, 96% used [0x00000000f0d80000,0x00000000f1a185f8,0x00000000f1a80000)
  to   space 15872K, 0% used [0x00000000efb80000,0x00000000efb80000,0x00000000f0b00000)
 ParOldGen       total 50688K, used 7163K [0x00000000a0000000, 0x00000000a3180000, 0x00000000e0000000)
  object space 50688K, 14% used [0x00000000a0000000,0x00000000a06feca8,0x00000000a3180000)
 Metaspace       used 34672K, capacity 35438K, committed 35496K, reserved 1079296K
  class space    used 4721K, capacity 4978K, committed 5032K, reserved 1048576K
Event: 34.039 GC heap after
Heap after GC invocations=8 (full 1):
 PSYoungGen      total 273408K, used 12312K [0x00000000e0000000, 0x00000000ff300000, 0x0000000100000000)
  eden space 257536K, 0% used [0x00000000e0000000,0x00000000e0000000,0x00000000efb80000)
  from space 15872K, 77% used [0x00000000efb80000,0x00000000f07863a8,0x00000000f0b00000)
  to   space 17408K, 0% used [0x00000000fe200000,0x00000000fe200000,0x00000000ff300000)
 ParOldGen       total 50688K, used 7171K [0x00000000a0000000, 0x00000000a3180000, 0x00000000e0000000)
  object space 50688K, 14% used [0x00000000a0000000,0x00000000a0700ca8,0x00000000a3180000)
 Metaspace       used 34672K, capacity 35438K, committed 35496K, reserved 1079296K
  class space    used 4721K, capacity 4978K, committed 5032K, reserved 1048576K
}
Event: 34.039 GC heap before
{Heap before GC invocations=9 (full 2):
 PSYoungGen      total 273408K, used 12312K [0x00000000e0000000, 0x00000000ff300000, 0x0000000100000000)
  eden space 257536K, 0% used [0x00000000e0000000,0x00000000e0000000,0x00000000efb80000)
  from space 15872K, 77% used [0x00000000efb80000,0x00000000f07863a8,0x00000000f0b00000)
  to   space 17408K, 0% used [0x00000000fe200000,0x00000000fe200000,0x00000000ff300000)
 ParOldGen       total 50688K, used 7171K [0x00000000a0000000, 0x00000000a3180000, 0x00000000e0000000)
  object space 50688K, 14% used [0x00000000a0000000,0x00000000a0700ca8,0x00000000a3180000)
 Metaspace       used 34672K, capacity 35438K, committed 35496K, reserved 1079296K
  class space    used 4721K, capacity 4978K, committed 5032K, reserved 1048576K
Event: 34.359 GC heap after
Heap after GC invocations=9 (full 2):
 PSYoungGen      total 273408K, used 0K [0x00000000e0000000, 0x00000000ff300000, 0x0000000100000000)
  eden space 257536K, 0% used [0x00000000e0000000,0x00000000e0000000,0x00000000efb80000)
  from space 15872K, 0% used [0x00000000efb80000,0x00000000efb80000,0x00000000f0b00000)
  to   space 17408K, 0% used [0x00000000fe200000,0x00000000fe200000,0x00000000ff300000)
 ParOldGen       total 67072K, used 18949K [0x00000000a0000000, 0x00000000a4180000, 0x00000000e0000000)
  object space 67072K, 28% used [0x00000000a0000000,0x00000000a1281788,0x00000000a4180000)
 Metaspace       used 34672K, capacity 35438K, committed 35496K, reserved 1079296K
  class space    used 4721K, capacity 4978K, committed 5032K, reserved 1048576K
}
Event: 58.469 GC heap before
{Heap before GC invocations=10 (full 2):
 PSYoungGen      total 273408K, used 257536K [0x00000000e0000000, 0x00000000ff300000, 0x0000000100000000)
  eden space 257536K, 100% used [0x00000000e0000000,0x00000000efb80000,0x00000000efb80000)
  from space 15872K, 0% used [0x00000000efb80000,0x00000000efb80000,0x00000000f0b00000)
  to   space 17408K, 0% used [0x00000000fe200000,0x00000000fe200000,0x00000000ff300000)
 ParOldGen       total 67072K, used 18949K [0x00000000a0000000, 0x00000000a4180000, 0x00000000e0000000)
  object space 67072K, 28% used [0x00000000a0000000,0x00000000a1281788,0x00000000a4180000)
 Metaspace       used 52541K, capacity 54134K, committed 54440K, reserved 1095680K
  class space    used 7117K, capacity 7560K, committed 7592K, reserved 1048576K
Event: 60.235 GC heap after
Heap after GC invocations=10 (full 2):
 PSYoungGen      total 486912K, used 17390K [0x00000000e0000000, 0x0000000100000000, 0x0000000100000000)
  eden space 469504K, 0% used [0x00000000e0000000,0x00000000e0000000,0x00000000fca80000)
  from space 17408K, 99% used [0x00000000fe200000,0x00000000ff2fbb98,0x00000000ff300000)
  to   space 24064K, 0% used [0x00000000fca80000,0x00000000fca80000,0x00000000fe200000)
 ParOldGen       total 67072K, used 28288K [0x00000000a0000000, 0x00000000a4180000, 0x00000000e0000000)
  object space 67072K, 42% used [0x00000000a0000000,0x00000000a1ba0198,0x00000000a4180000)
 Metaspace       used 52541K, capacity 54134K, committed 54440K, reserved 1095680K
  class space    used 7117K, capacity 7560K, committed 7592K, reserved 1048576K
}
Event: 72.528 GC heap before
{Heap before GC invocations=11 (full 2):
 PSYoungGen      total 486912K, used 135698K [0x00000000e0000000, 0x0000000100000000, 0x0000000100000000)
  eden space 469504K, 25% used [0x00000000e0000000,0x00000000e7388c98,0x00000000fca80000)
  from space 17408K, 99% used [0x00000000fe200000,0x00000000ff2fbb98,0x00000000ff300000)
  to   space 24064K, 0% used [0x00000000fca80000,0x00000000fca80000,0x00000000fe200000)
 ParOldGen       total 67072K, used 28288K [0x00000000a0000000, 0x00000000a4180000, 0x00000000e0000000)
  object space 67072K, 42% used [0x00000000a0000000,0x00000000a1ba0198,0x00000000a4180000)
 Metaspace       used 56994K, capacity 59066K, committed 59160K, reserved 1099776K
  class space    used 7729K, capacity 8289K, committed 8360K, reserved 1048576K
Event: 72.921 GC heap after
Heap after GC invocations=11 (full 2):
 PSYoungGen      total 493568K, used 24057K [0x00000000e0000000, 0x0000000100000000, 0x0000000100000000)
  eden space 469504K, 0% used [0x00000000e0000000,0x00000000e0000000,0x00000000fca80000)
  from space 24064K, 99% used [0x00000000fca80000,0x00000000fe1fe6b8,0x00000000fe200000)
  to   space 28160K, 0% used [0x00000000fe480000,0x00000000fe480000,0x0000000100000000)
 ParOldGen       total 67072K, used 28586K [0x00000000a0000000, 0x00000000a4180000, 0x00000000e0000000)
  object space 67072K, 42% used [0x00000000a0000000,0x00000000a1beaa60,0x00000000a4180000)
 Metaspace       used 56994K, capacity 59066K, committed 59160K, reserved 1099776K
  class space    used 7729K, capacity 8289K, committed 8360K, reserved 1048576K
}
Event: 73.124 GC heap before
{Heap before GC invocations=12 (full 3):
 PSYoungGen      total 493568K, used 24057K [0x00000000e0000000, 0x0000000100000000, 0x0000000100000000)
  eden space 469504K, 0% used [0x00000000e0000000,0x00000000e0000000,0x00000000fca80000)
  from space 24064K, 99% used [0x00000000fca80000,0x00000000fe1fe6b8,0x00000000fe200000)
  to   space 28160K, 0% used [0x00000000fe480000,0x00000000fe480000,0x0000000100000000)
 ParOldGen       total 67072K, used 28586K [0x00000000a0000000, 0x00000000a4180000, 0x00000000e0000000)
  object space 67072K, 42% used [0x00000000a0000000,0x00000000a1beaa60,0x00000000a4180000)
 Metaspace       used 56994K, capacity 59066K, committed 59160K, reserved 1099776K
  class space    used 7729K, capacity 8289K, committed 8360K, reserved 1048576K
Event: 74.274 GC heap after
Heap after GC invocations=12 (full 3):
 PSYoungGen      total 493568K, used 0K [0x00000000e0000000, 0x0000000100000000, 0x0000000100000000)
  eden space 469504K, 0% used [0x00000000e0000000,0x00000000e0000000,0x00000000fca80000)
  from space 24064K, 0% used [0x00000000fca80000,0x00000000fca80000,0x00000000fe200000)
  to   space 28160K, 0% used [0x00000000fe480000,0x00000000fe480000,0x0000000100000000)
 ParOldGen       total 67072K, used 38352K [0x00000000a0000000, 0x00000000a4180000, 0x00000000e0000000)
  object space 67072K, 57% used [0x00000000a0000000,0x00000000a25741c8,0x00000000a4180000)
 Metaspace       used 56994K, capacity 59066K, committed 59160K, reserved 1099776K
  class space    used 7729K, capacity 8289K, committed 8360K, reserved 1048576K
}

Deoptimization events (10 events):
Event: 69.513 Thread 0x00000000593db800 Uncommon trap: reason=unstable_if action=reinterpret pc=0x0000000003993ac0 method=com.sun.org.apache.xerces.internal.impl.XMLEntityScanner.skipSpaces()Z @ 72
Event: 69.771 Thread 0x00000000593db800 Uncommon trap: reason=bimorphic action=maybe_recompile pc=0x0000000002d22e74 method=java.util.regex.Pattern$Slice.match(Ljava/util/regex/Matcher;ILjava/lang/CharSequence;)Z @ 75
Event: 69.779 Thread 0x00000000593db800 Uncommon trap: reason=bimorphic action=maybe_recompile pc=0x0000000002d280c8 method=java.util.regex.Pattern$Slice.match(Ljava/util/regex/Matcher;ILjava/lang/CharSequence;)Z @ 75
Event: 74.403 Thread 0x00000000593db800 Uncommon trap: reason=null_check action=make_not_entrant pc=0x0000000002bfaf64 method=java.lang.ThreadLocal$ThreadLocalMap.getEntryAfterMiss(Ljava/lang/ThreadLocal;ILjava/lang/ThreadLocal$ThreadLocalMap$Entry;)Ljava/lang/ThreadLocal$ThreadLocalMap$Entry; 
Event: 75.183 Thread 0x00000000593db800 Uncommon trap: reason=class_check action=maybe_recompile pc=0x000000000335746c method=java.lang.Throwable.<init>(Ljava/lang/String;Ljava/lang/Throwable;)V @ 24
Event: 75.199 Thread 0x00000000593db800 Uncommon trap: reason=unloaded action=reinterpret pc=0x00000000038bc758 method=java.net.URLClassLoader$1.run()Ljava/lang/Class; @ 48
Event: 75.206 Thread 0x00000000593db800 Uncommon trap: reason=unloaded action=reinterpret pc=0x000000000392657c method=java.net.URLClassLoader$1.run()Ljava/lang/Class; @ 48
Event: 75.225 Thread 0x00000000590d3800 Uncommon trap: reason=class_check action=maybe_recompile pc=0x00000000032cab28 method=java.util.concurrent.locks.ReentrantLock.lock()V @ 4
Event: 75.238 Thread 0x00000000590cf000 Uncommon trap: reason=class_check action=maybe_recompile pc=0x00000000032cab28 method=java.util.concurrent.locks.ReentrantLock.lock()V @ 4
Event: 75.243 Thread 0x00000000590ce800 Uncommon trap: reason=class_check action=maybe_recompile pc=0x00000000032cab28 method=java.util.concurrent.locks.ReentrantLock.lock()V @ 4

Classes redefined (0 events):
No events

Internal exceptions (10 events):
Event: 75.182 Thread 0x00000000593db800 Exception <a 'java/io/IOException'> (0x00000000e17566c0) thrown at [C:\src\AOSP-openjdk-git\hotspot\src\share\vm\prims\jni.cpp, line 710]
Event: 75.198 Thread 0x00000000593db800 Exception <a 'java/util/zip/ZipException'> (0x00000000e17745c0) thrown at [C:\src\AOSP-openjdk-git\hotspot\src\share\vm\prims\jni.cpp, line 710]
Event: 75.199 Thread 0x00000000593db800 Exception <a 'java/security/PrivilegedActionException'> (0x00000000e1775d68) thrown at [C:\src\AOSP-openjdk-git\hotspot\src\share\vm\prims\jvm.cpp, line 1502]
Event: 75.199 Thread 0x00000000593db800 Exception <a 'java/lang/NoClassDefFoundError': org/gradle/api/internal/artifacts/ivyservice/resolveengine/result/GraphValidationException> (0x00000000e17769e0) thrown at [C:\src\AOSP-openjdk-git\hotspot\src\share\vm\classfile\systemDictionary.cpp, line 19
Event: 75.201 Thread 0x00000000593db800 Exception <a 'java/lang/reflect/InvocationTargetException'> (0x00000000e1779fa8) thrown at [C:\src\AOSP-openjdk-git\hotspot\src\share\vm\runtime\reflection.cpp, line 1092]
Event: 75.201 Thread 0x00000000593db800 Exception <a 'java/lang/reflect/InvocationTargetException'> (0x00000000e177ae68) thrown at [C:\src\AOSP-openjdk-git\hotspot\src\share\vm\runtime\reflection.cpp, line 1092]
Event: 75.201 Thread 0x00000000593db800 Exception <a 'java/lang/reflect/InvocationTargetException'> (0x00000000e177ba48) thrown at [C:\src\AOSP-openjdk-git\hotspot\src\share\vm\runtime\reflection.cpp, line 1092]
Event: 75.206 Thread 0x00000000593db800 Exception <a 'java/util/zip/ZipException'> (0x00000000e178e708) thrown at [C:\src\AOSP-openjdk-git\hotspot\src\share\vm\prims\jni.cpp, line 710]
Event: 75.206 Thread 0x00000000593db800 Exception <a 'java/security/PrivilegedActionException'> (0x00000000e178f4a8) thrown at [C:\src\AOSP-openjdk-git\hotspot\src\share\vm\prims\jvm.cpp, line 1502]
Event: 75.206 Thread 0x00000000593db800 Exception <a 'java/lang/NoClassDefFoundError': org/gradle/internal/exceptions/LocationAwareException$1> (0x00000000e178fb20) thrown at [C:\src\AOSP-openjdk-git\hotspot\src\share\vm\classfile\systemDictionary.cpp, line 199]

Events (10 events):
Event: 75.288 Executing VM operation: RevokeBias
Event: 75.288 Executing VM operation: RevokeBias done
Event: 75.288 Executing VM operation: RevokeBias
Event: 75.288 Executing VM operation: RevokeBias done
Event: 75.288 Executing VM operation: RevokeBias
Event: 75.289 Executing VM operation: RevokeBias done
Event: 75.289 loading class com/google/common/cache/LocalCache$ValueIterator
Event: 75.289 loading class com/google/common/cache/LocalCache$ValueIterator done
Event: 75.307 loading class com/google/common/cache/LocalCache$HashIterator
Event: 75.307 loading class com/google/common/cache/LocalCache$HashIterator done


Dynamic libraries:
0x000000013fc50000 - 0x000000013fc81000 	C:\Program Files\Android\Android Studio1\jre\bin\java.exe
0x0000000076f30000 - 0x00000000770da000 	C:\Windows\SYSTEM32\ntdll.dll
0x0000000076e10000 - 0x0000000076f2f000 	C:\Windows\system32\kernel32.dll
0x000007fefcdf0000 - 0x000007fefce5a000 	C:\Windows\system32\KERNELBASE.dll
0x000007fefe320000 - 0x000007fefe3fb000 	C:\Windows\system32\ADVAPI32.dll
0x000007fefec90000 - 0x000007fefed2f000 	C:\Windows\system32\msvcrt.dll
0x000007feff0f0000 - 0x000007feff10f000 	C:\Windows\SYSTEM32\sechost.dll
0x000007feff110000 - 0x000007feff23d000 	C:\Windows\system32\RPCRT4.dll
0x0000000076d10000 - 0x0000000076e0a000 	C:\Windows\system32\USER32.dll
0x000007feff080000 - 0x000007feff0e7000 	C:\Windows\system32\GDI32.dll
0x000007fefd1d0000 - 0x000007fefd1de000 	C:\Windows\system32\LPK.dll
0x000007fefd490000 - 0x000007fefd55b000 	C:\Windows\system32\USP10.dll
0x000007fefa440000 - 0x000007fefa634000 	C:\Windows\WinSxS\amd64_microsoft.windows.common-controls_6595b64144ccf1df_6.0.7601.18837_none_fa3b1e3d17594757\COMCTL32.dll
0x000007fefe480000 - 0x000007fefe4f1000 	C:\Windows\system32\SHLWAPI.dll
0x000007fefd560000 - 0x000007fefd58e000 	C:\Windows\system32\IMM32.DLL
0x000007fefcfe0000 - 0x000007fefd0e9000 	C:\Windows\system32\MSCTF.dll
0x000000006e770000 - 0x000000006e842000 	C:\Program Files\Android\Android Studio1\jre\jre\bin\msvcr100.dll
0x000000006f5e0000 - 0x000000006fe2b000 	C:\Program Files\Android\Android Studio1\jre\jre\bin\server\jvm.dll
0x000007fef4830000 - 0x000007fef4839000 	C:\Windows\system32\WSOCK32.dll
0x000007fefe870000 - 0x000007fefe8bd000 	C:\Windows\system32\WS2_32.dll
0x000007fefd1e0000 - 0x000007fefd1e8000 	C:\Windows\system32\NSI.dll
0x000007fefaa10000 - 0x000007fefaa4b000 	C:\Windows\system32\WINMM.dll
0x000007fefbc40000 - 0x000007fefbc4c000 	C:\Windows\system32\VERSION.dll
0x0000000077100000 - 0x0000000077107000 	C:\Windows\system32\PSAPI.DLL
0x000007feee6e0000 - 0x000007feee6ef000 	C:\Program Files\Android\Android Studio1\jre\jre\bin\verify.dll
0x000007feecd60000 - 0x000007feecd89000 	C:\Program Files\Android\Android Studio1\jre\jre\bin\java.dll
0x000007feee6c0000 - 0x000007feee6d6000 	C:\Program Files\Android\Android Studio1\jre\jre\bin\zip.dll
0x000007fefd590000 - 0x000007fefe31a000 	C:\Windows\system32\SHELL32.dll
0x000007fefd1f0000 - 0x000007fefd3ec000 	C:\Windows\system32\ole32.dll
0x000007fefcc30000 - 0x000007fefcc3f000 	C:\Windows\system32\profapi.dll
0x000007fee4570000 - 0x000007fee458a000 	C:\Program Files\Android\Android Studio1\jre\jre\bin\net.dll
0x000007fefc3f0000 - 0x000007fefc445000 	C:\Windows\system32\mswsock.dll
0x000007fefc3e0000 - 0x000007fefc3e7000 	C:\Windows\System32\wship6.dll
0x000007fee4550000 - 0x000007fee4563000 	C:\Program Files\Android\Android Studio1\jre\jre\bin\nio.dll
0x000007fec9e80000 - 0x000007fec9ea6000 	C:\Users\Admin\.gradle\native\30\windows-amd64\native-platform.dll
0x000007fef3e90000 - 0x000007fef3e93000 	C:\Windows\system32\api-ms-win-core-synch-l1-2-0.DLL
0x000007feecfa0000 - 0x000007feecfad000 	C:\Program Files\Android\Android Studio1\jre\jre\bin\management.dll
0x000007fefc450000 - 0x000007fefc468000 	C:\Windows\system32\CRYPTSP.dll
0x000007fefc150000 - 0x000007fefc197000 	C:\Windows\system32\rsaenh.dll
0x000007fefce80000 - 0x000007fefce9e000 	C:\Windows\system32\USERENV.dll
0x000007fefcac0000 - 0x000007fefcacf000 	C:\Windows\system32\CRYPTBASE.dll
0x000007fef9a50000 - 0x000007fef9a77000 	C:\Windows\system32\IPHLPAPI.DLL
0x000007fef9a30000 - 0x000007fef9a3b000 	C:\Windows\system32\WINNSI.DLL
0x000007fef9610000 - 0x000007fef9628000 	C:\Windows\system32\dhcpcsvc.DLL
0x000007fef95f0000 - 0x000007fef9601000 	C:\Windows\system32\dhcpcsvc6.DLL

VM Arguments:
jvm_args: -Xmx1536M -Dfile.encoding=windows-1252 -Duser.country=US -Duser.language=en -Duser.variant 
java_command: org.gradle.launcher.daemon.bootstrap.GradleDaemon 5.6.2
java_class_path (initial): C:\Users\Admin\.gradle\wrapper\dists\gradle-5.6.2-all\9st6wgf78h16so49nn74lgtbb\gradle-5.6.2\lib\gradle-launcher-5.6.2.jar
Launcher Type: SUN_STANDARD

Environment Variables:
JAVA_HOME=C:\Program Files\Android\Android Studio1\jre
CLASSPATH=E:\projects\New\india_learner\android\\gradle\wrapper\gradle-wrapper.jar
PATH=c:\Program Files (x86)\Intel\iCLS Client\;c:\Program Files\Intel\iCLS Client\;C:\Windows\system32;C:\Windows;C:\Windows\System32\Wbem;C:\Windows\System32\WindowsPowerShell\v1.0\;C:\Program Files\Intel\Intel(R) Management Engine Components\DAL;C:\Program Files\Intel\Intel(R) Management Engine Components\IPT;C:\Program Files (x86)\Intel\Intel(R) Management Engine Components\DAL;C:\Program Files (x86)\Intel\Intel(R) Management Engine Components\IPT;C:\Program Files\Intel\WiFi\bin\;C:\Program Files\Common Files\Intel\WirelessCommon\;C:\Program Files\Git\cmd;C:\Program Files\nodejs\;E:\SDK\1.22\flutter\bin;C:\Users\Admin\AppData\Roaming\npm;C:\Users\Admin\AppData\Local\Programs\Microsoft VS Code\bin;E:\SDK\flutter\bin\mingit\cmd
USERNAME=Admin
OS=Windows_NT
PROCESSOR_IDENTIFIER=Intel64 Family 6 Model 58 Stepping 9, GenuineIntel



---------------  S Y S T E M  ---------------

OS: Windows 7 , 64 bit Build 7601 (6.1.7601.23915)

CPU:total 4 (initial active 4) (2 cores per cpu, 2 threads per core) family 6 model 58 stepping 9, cmov, cx8, fxsr, mmx, sse, sse2, sse3, ssse3, sse4.1, sse4.2, popcnt, avx, aes, clmul, erms, ht, tsc, tscinvbit, tscinv

Memory: 4k page, physical 8250884k(133824k free), swap 18183232k(1964k free)

vm_info: OpenJDK 64-Bit Server VM (25.242-b01) for windows-amd64 JRE (1.8.0_242-release-1644-b01), built by "builder" with MS VC++ 10.0 (VS2010)

time: Fri Jul 23 16:09:14 2021
timezone: India Standard Time
elapsed time: 75 seconds (0d 0h 1m 15s)

